Vivado Simulator 2020.2
Time resolution is 1 ps
No Sequence of 1
               50000, Testing Data: 0x01, 0x02, 0x03, 0x04
               60000, Read Data: 0x00
               60000, Read State is THR Not Full, Continuing...
               60000, Sending 4 bytes Data: 0x01, 0x02, 0x03, 0x04
              110000, Send 4 bytes Data End
              120000, Receiveing Serial Data
              190000, Received Serial Data #          1: 0x01
              270000, Received Serial Data #          2: 0x02
              350000, Received Serial Data #          3: 0x03
              430000, Received Serial Data #          4: 0x01
              440000, Read State is THR Not Full, Data send complete.
              440000, Test Fail
Sequence of 5 1
              490000, Testing Data: 0xff, 0xfe, 0xfd, 0xfc
              500000, Read Data: 0x00
              500000, Read State is THR Not Full, Continuing...
              500000, Sending 4 bytes Data: 0xff, 0xfe, 0xfd, 0xfc
              550000, Send 4 bytes Data End
              560000, Receiveing Serial Data
              630000, Received Serial Data #          1: 0xf6
              710000, Received Serial Data #          2: 0x7b
              820000, Received Serial Data #          3: 0xfe
              900000, Received Serial Data #          4: 0x01
              910000, Read State is THR Not Full, Data send complete.
              910000, Test Fail
Sequence of 5 1 in the end
              960000, Testing Data: 0x9f, 0x9f, 0x9f, 0x9f
              970000, Read Data: 0x00
              970000, Read State is THR Not Full, Continuing...
              970000, Sending 4 bytes Data: 0x9f, 0x9f, 0x9f, 0x9f
